[0.572s] Invoking command in '/home/user/ros2_ws/src/py_pubsub': PYTHONPATH=/home/user/ros2_ws/src/py_pubsub/build/py_pubsub/prefix_override:/home/user/ros2_ws/src/py_pubsub/install/py_pubsub/lib/python3.10/site-packages:${PYTHONPATH} /usr/bin/python3 setup.py egg_info --egg-base build/py_pubsub build --build-base /home/user/ros2_ws/src/py_pubsub/build/py_pubsub/build install --record /home/user/ros2_ws/src/py_pubsub/build/py_pubsub/install.log --single-version-externally-managed
[0.795s] running egg_info
[0.796s] writing build/py_pubsub/py_pubsub.egg-info/PKG-INFO
[0.796s] writing dependency_links to build/py_pubsub/py_pubsub.egg-info/dependency_links.txt
[0.796s] writing entry points to build/py_pubsub/py_pubsub.egg-info/entry_points.txt
[0.796s] writing requirements to build/py_pubsub/py_pubsub.egg-info/requires.txt
[0.796s] writing top-level names to build/py_pubsub/py_pubsub.egg-info/top_level.txt
[0.798s] reading manifest file 'build/py_pubsub/py_pubsub.egg-info/SOURCES.txt'
[0.798s] writing manifest file 'build/py_pubsub/py_pubsub.egg-info/SOURCES.txt'
[0.798s] running build
[0.799s] running build_py
[0.799s] copying py_pubsub/publisher_member_function.py -> /home/user/ros2_ws/src/py_pubsub/build/py_pubsub/build/lib/py_pubsub
[0.799s] running install
[0.799s] /usr/lib/python3/dist-packages/setuptools/command/install.py:34: SetuptoolsDeprecationWarning: setup.py install is deprecated. Use build and pip and other standards-based tools.
[0.799s]   warnings.warn(
[0.799s] running install_lib
[0.799s] copying /home/user/ros2_ws/src/py_pubsub/build/py_pubsub/build/lib/py_pubsub/publisher_member_function.py -> /home/user/ros2_ws/src/py_pubsub/install/py_pubsub/lib/python3.10/site-packages/py_pubsub
[0.800s] byte-compiling /home/user/ros2_ws/src/py_pubsub/install/py_pubsub/lib/python3.10/site-packages/py_pubsub/publisher_member_function.py to publisher_member_function.cpython-310.pyc
[0.801s] running install_data
[0.801s] running install_egg_info
[0.802s] removing '/home/user/ros2_ws/src/py_pubsub/install/py_pubsub/lib/python3.10/site-packages/py_pubsub-0.0.0-py3.10.egg-info' (and everything under it)
[0.803s] Copying build/py_pubsub/py_pubsub.egg-info to /home/user/ros2_ws/src/py_pubsub/install/py_pubsub/lib/python3.10/site-packages/py_pubsub-0.0.0-py3.10.egg-info
[0.803s] running install_scripts
[0.822s] Installing talker script to /home/user/ros2_ws/src/py_pubsub/install/py_pubsub/lib/py_pubsub
[0.822s] writing list of installed files to '/home/user/ros2_ws/src/py_pubsub/build/py_pubsub/install.log'
[0.848s] Invoked command in '/home/user/ros2_ws/src/py_pubsub' returned '0': PYTHONPATH=/home/user/ros2_ws/src/py_pubsub/build/py_pubsub/prefix_override:/home/user/ros2_ws/src/py_pubsub/install/py_pubsub/lib/python3.10/site-packages:${PYTHONPATH} /usr/bin/python3 setup.py egg_info --egg-base build/py_pubsub build --build-base /home/user/ros2_ws/src/py_pubsub/build/py_pubsub/build install --record /home/user/ros2_ws/src/py_pubsub/build/py_pubsub/install.log --single-version-externally-managed
