[0.588s] Invoking command in '/home/user/ros2_ws/src/py_pubsub': PYTHONPATH=/home/user/ros2_ws/src/py_pubsub/build/py_pubsub/prefix_override:/home/user/ros2_ws/src/py_pubsub/install/py_pubsub/lib/python3.10/site-packages:${PYTHONPATH} /usr/bin/python3 setup.py egg_info --egg-base build/py_pubsub build --build-base /home/user/ros2_ws/src/py_pubsub/build/py_pubsub/build install --record /home/user/ros2_ws/src/py_pubsub/build/py_pubsub/install.log --single-version-externally-managed
[0.839s] running egg_info
[0.839s] creating build/py_pubsub/py_pubsub.egg-info
[0.839s] writing build/py_pubsub/py_pubsub.egg-info/PKG-INFO
[0.839s] writing dependency_links to build/py_pubsub/py_pubsub.egg-info/dependency_links.txt
[0.840s] writing entry points to build/py_pubsub/py_pubsub.egg-info/entry_points.txt
[0.840s] writing requirements to build/py_pubsub/py_pubsub.egg-info/requires.txt
[0.840s] writing top-level names to build/py_pubsub/py_pubsub.egg-info/top_level.txt
[0.840s] writing manifest file 'build/py_pubsub/py_pubsub.egg-info/SOURCES.txt'
[0.842s] reading manifest file 'build/py_pubsub/py_pubsub.egg-info/SOURCES.txt'
[0.842s] writing manifest file 'build/py_pubsub/py_pubsub.egg-info/SOURCES.txt'
[0.842s] running build
[0.843s] running build_py
[0.843s] creating /home/user/ros2_ws/src/py_pubsub/build/py_pubsub/build
[0.843s] creating /home/user/ros2_ws/src/py_pubsub/build/py_pubsub/build/lib
[0.843s] creating /home/user/ros2_ws/src/py_pubsub/build/py_pubsub/build/lib/py_pubsub
[0.843s] copying py_pubsub/__init__.py -> /home/user/ros2_ws/src/py_pubsub/build/py_pubsub/build/lib/py_pubsub
[0.843s] copying py_pubsub/publisher_member_function.py -> /home/user/ros2_ws/src/py_pubsub/build/py_pubsub/build/lib/py_pubsub
[0.843s] /usr/lib/python3/dist-packages/setuptools/command/install.py:34: SetuptoolsDeprecationWarning: setup.py install is deprecated. Use build and pip and other standards-based tools.
[0.843s]   warnings.warn(
[0.843s] running install
[0.843s] running install_lib
[0.844s] creating /home/user/ros2_ws/src/py_pubsub/install/py_pubsub/lib/python3.10/site-packages/py_pubsub
[0.844s] copying /home/user/ros2_ws/src/py_pubsub/build/py_pubsub/build/lib/py_pubsub/__init__.py -> /home/user/ros2_ws/src/py_pubsub/install/py_pubsub/lib/python3.10/site-packages/py_pubsub
[0.844s] copying /home/user/ros2_ws/src/py_pubsub/build/py_pubsub/build/lib/py_pubsub/publisher_member_function.py -> /home/user/ros2_ws/src/py_pubsub/install/py_pubsub/lib/python3.10/site-packages/py_pubsub
[0.845s] byte-compiling /home/user/ros2_ws/src/py_pubsub/install/py_pubsub/lib/python3.10/site-packages/py_pubsub/__init__.py to __init__.cpython-310.pyc
[0.845s] byte-compiling /home/user/ros2_ws/src/py_pubsub/install/py_pubsub/lib/python3.10/site-packages/py_pubsub/publisher_member_function.py to publisher_member_function.cpython-310.pyc
[0.845s] running install_data
[0.846s] creating /home/user/ros2_ws/src/py_pubsub/install/py_pubsub/share/ament_index
[0.846s] creating /home/user/ros2_ws/src/py_pubsub/install/py_pubsub/share/ament_index/resource_index
[0.846s] creating /home/user/ros2_ws/src/py_pubsub/install/py_pubsub/share/ament_index/resource_index/packages
[0.846s] copying resource/py_pubsub -> /home/user/ros2_ws/src/py_pubsub/install/py_pubsub/share/ament_index/resource_index/packages
[0.846s] copying package.xml -> /home/user/ros2_ws/src/py_pubsub/install/py_pubsub/share/py_pubsub
[0.847s] running install_egg_info
[0.848s] Copying build/py_pubsub/py_pubsub.egg-info to /home/user/ros2_ws/src/py_pubsub/install/py_pubsub/lib/python3.10/site-packages/py_pubsub-0.0.0-py3.10.egg-info
[0.848s] running install_scripts
[0.867s] Installing talker script to /home/user/ros2_ws/src/py_pubsub/install/py_pubsub/lib/py_pubsub
[0.867s] writing list of installed files to '/home/user/ros2_ws/src/py_pubsub/build/py_pubsub/install.log'
[0.894s] Invoked command in '/home/user/ros2_ws/src/py_pubsub' returned '0': PYTHONPATH=/home/user/ros2_ws/src/py_pubsub/build/py_pubsub/prefix_override:/home/user/ros2_ws/src/py_pubsub/install/py_pubsub/lib/python3.10/site-packages:${PYTHONPATH} /usr/bin/python3 setup.py egg_info --egg-base build/py_pubsub build --build-base /home/user/ros2_ws/src/py_pubsub/build/py_pubsub/build install --record /home/user/ros2_ws/src/py_pubsub/build/py_pubsub/install.log --single-version-externally-managed
